{"/home/trevor/dev/projects/javascript/millennium/ts/millennium-date-builder.ts": {"path":"/home/trevor/dev/projects/javascript/millennium/ts/millennium-date-builder.ts","statementMap":{"0":{"start":{"line":7,"column":0},"end":{"line":7,"column":null}},"1":{"start":{"line":8,"column":0},"end":{"line":8,"column":null}},"2":{"start":{"line":9,"column":0},"end":{"line":9,"column":null}},"3":{"start":{"line":10,"column":0},"end":{"line":10,"column":null}},"4":{"start":{"line":24,"column":2},"end":{"line":34,"column":null}},"5":{"start":{"line":43,"column":2},"end":{"line":43,"column":null}},"6":{"start":{"line":51,"column":2},"end":{"line":51,"column":null}},"7":{"start":{"line":57,"column":2},"end":{"line":57,"column":null}},"8":{"start":{"line":57,"column":17},"end":{"line":57,"column":null}},"9":{"start":{"line":61,"column":2},"end":{"line":61,"column":null}},"10":{"start":{"line":69,"column":2},"end":{"line":69,"column":null}},"11":{"start":{"line":77,"column":2},"end":{"line":77,"column":null}},"12":{"start":{"line":85,"column":2},"end":{"line":85,"column":null}},"13":{"start":{"line":93,"column":2},"end":{"line":93,"column":null}},"14":{"start":{"line":101,"column":2},"end":{"line":101,"column":null}},"15":{"start":{"line":109,"column":2},"end":{"line":109,"column":null}},"16":{"start":{"line":115,"column":29},"end":{"line":115,"column":null}},"17":{"start":{"line":117,"column":2},"end":{"line":122,"column":null}},"18":{"start":{"line":119,"column":22},"end":{"line":119,"column":null}},"19":{"start":{"line":122,"column":3},"end":{"line":122,"column":null}},"20":{"start":{"line":126,"column":2},"end":{"line":132,"column":null}},"21":{"start":{"line":128,"column":32},"end":{"line":128,"column":null}},"22":{"start":{"line":129,"column":31},"end":{"line":129,"column":null}},"23":{"start":{"line":132,"column":3},"end":{"line":132,"column":null}},"24":{"start":{"line":172,"column":2},"end":{"line":173,"column":null}},"25":{"start":{"line":20,"column":0},"end":{"line":20,"column":13}}},"fnMap":{"0":{"name":"(anonymous_0)","decl":{"start":{"line":22,"column":1},"end":{"line":22,"column":null}},"loc":{"start":{"line":22,"column":1},"end":{"line":34,"column":null}}},"1":{"name":"(anonymous_1)","decl":{"start":{"line":39,"column":8},"end":{"line":39,"column":17}},"loc":{"start":{"line":39,"column":17},"end":{"line":43,"column":null}}},"2":{"name":"(anonymous_2)","decl":{"start":{"line":47,"column":8},"end":{"line":47,"column":18}},"loc":{"start":{"line":47,"column":18},"end":{"line":51,"column":null}}},"3":{"name":"(anonymous_3)","decl":{"start":{"line":55,"column":8},"end":{"line":55,"column":16}},"loc":{"start":{"line":55,"column":16},"end":{"line":61,"column":null}}},"4":{"name":"(anonymous_4)","decl":{"start":{"line":65,"column":8},"end":{"line":65,"column":27}},"loc":{"start":{"line":65,"column":27},"end":{"line":69,"column":null}}},"5":{"name":"(anonymous_5)","decl":{"start":{"line":73,"column":8},"end":{"line":73,"column":18}},"loc":{"start":{"line":73,"column":18},"end":{"line":77,"column":null}}},"6":{"name":"(anonymous_6)","decl":{"start":{"line":81,"column":8},"end":{"line":81,"column":20}},"loc":{"start":{"line":81,"column":20},"end":{"line":85,"column":null}}},"7":{"name":"(anonymous_7)","decl":{"start":{"line":89,"column":8},"end":{"line":89,"column":20}},"loc":{"start":{"line":89,"column":20},"end":{"line":93,"column":null}}},"8":{"name":"(anonymous_8)","decl":{"start":{"line":97,"column":8},"end":{"line":97,"column":25}},"loc":{"start":{"line":97,"column":25},"end":{"line":101,"column":null}}},"9":{"name":"(anonymous_9)","decl":{"start":{"line":105,"column":8},"end":{"line":105,"column":19}},"loc":{"start":{"line":105,"column":19},"end":{"line":109,"column":null}}},"10":{"name":"(anonymous_10)","decl":{"start":{"line":113,"column":8},"end":{"line":113,"column":null}},"loc":{"start":{"line":113,"column":8},"end":{"line":173,"column":null}}}},"branchMap":{"0":{"loc":{"start":{"line":57,"column":2},"end":{"line":57,"column":null}},"type":"if","locations":[{"start":{"line":57,"column":2},"end":{"line":57,"column":null}},{"start":{"line":57,"column":2},"end":{"line":57,"column":null}}]},"1":{"loc":{"start":{"line":58,"column":20},"end":{"line":58,"column":null}},"type":"cond-expr","locations":[{"start":{"line":58,"column":20},"end":{"line":58,"column":null}},{"start":{"line":59,"column":11},"end":{"line":59,"column":null}}]},"2":{"loc":{"start":{"line":59,"column":11},"end":{"line":59,"column":20}},"type":"binary-expr","locations":[{"start":{"line":59,"column":11},"end":{"line":59,"column":20}},{"start":{"line":59,"column":20},"end":{"line":59,"column":null}}]},"3":{"loc":{"start":{"line":117,"column":2},"end":{"line":122,"column":null}},"type":"if","locations":[{"start":{"line":117,"column":2},"end":{"line":122,"column":null}},{"start":{"line":117,"column":2},"end":{"line":122,"column":null}}]},"4":{"loc":{"start":{"line":126,"column":2},"end":{"line":132,"column":null}},"type":"if","locations":[{"start":{"line":126,"column":2},"end":{"line":132,"column":null}},{"start":{"line":126,"column":2},"end":{"line":132,"column":null}}]},"5":{"loc":{"start":{"line":129,"column":63},"end":{"line":129,"column":100}},"type":"cond-expr","locations":[{"start":{"line":129,"column":63},"end":{"line":129,"column":100}},{"start":{"line":129,"column":100},"end":{"line":129,"column":null}}]},"6":{"loc":{"start":{"line":136,"column":6},"end":{"line":136,"column":null}},"type":"binary-expr","locations":[{"start":{"line":136,"column":6},"end":{"line":136,"column":null}},{"start":{"line":138,"column":3},"end":{"line":138,"column":null}}]},"7":{"loc":{"start":{"line":142,"column":6},"end":{"line":142,"column":null}},"type":"binary-expr","locations":[{"start":{"line":142,"column":6},"end":{"line":142,"column":null}},{"start":{"line":144,"column":3},"end":{"line":144,"column":null}}]},"8":{"loc":{"start":{"line":148,"column":6},"end":{"line":148,"column":null}},"type":"binary-expr","locations":[{"start":{"line":148,"column":6},"end":{"line":148,"column":null}},{"start":{"line":150,"column":3},"end":{"line":150,"column":null}}]},"9":{"loc":{"start":{"line":154,"column":6},"end":{"line":154,"column":null}},"type":"binary-expr","locations":[{"start":{"line":154,"column":6},"end":{"line":154,"column":null}},{"start":{"line":156,"column":3},"end":{"line":156,"column":null}}]},"10":{"loc":{"start":{"line":160,"column":6},"end":{"line":160,"column":null}},"type":"binary-expr","locations":[{"start":{"line":160,"column":6},"end":{"line":160,"column":null}},{"start":{"line":162,"column":3},"end":{"line":162,"column":null}}]},"11":{"loc":{"start":{"line":166,"column":6},"end":{"line":166,"column":null}},"type":"binary-expr","locations":[{"start":{"line":166,"column":6},"end":{"line":166,"column":null}},{"start":{"line":168,"column":3},"end":{"line":168,"column":null}}]},"12":{"loc":{"start":{"line":172,"column":46},"end":{"line":172,"column":null}},"type":"cond-expr","locations":[{"start":{"line":172,"column":46},"end":{"line":172,"column":null}},{"start":{"line":173,"column":14},"end":{"line":173,"column":null}}]}},"s":{"0":4,"1":2,"2":2,"3":2,"4":273,"5":273,"6":136,"7":68,"8":0,"9":68,"10":0,"11":30,"12":14,"13":5,"14":1,"15":0,"16":273,"17":273,"18":273,"19":273,"20":273,"21":136,"22":136,"23":136,"24":273,"25":2},"f":{"0":273,"1":273,"2":136,"3":68,"4":0,"5":30,"6":14,"7":5,"8":1,"9":0,"10":273},"b":{"0":[0,68],"1":[68,0],"2":[0,0],"3":[273,0],"4":[136,137],"5":[136,0],"6":[273,68],"7":[273,30],"8":[273,14],"9":[273,5],"10":[273,1],"11":[273,0],"12":[0,273]}}
,"/home/trevor/dev/projects/javascript/millennium/ts/millennium-date-math.ts": {"path":"/home/trevor/dev/projects/javascript/millennium/ts/millennium-date-math.ts","statementMap":{"0":{"start":{"line":14,"column":0},"end":{"line":14,"column":13}},"1":{"start":{"line":29,"column":2},"end":{"line":33,"column":null}},"2":{"start":{"line":52,"column":30},"end":{"line":52,"column":null}},"3":{"start":{"line":53,"column":29},"end":{"line":53,"column":null}},"4":{"start":{"line":55,"column":2},"end":{"line":55,"column":null}},"5":{"start":{"line":55,"column":60},"end":{"line":55,"column":null}},"6":{"start":{"line":56,"column":2},"end":{"line":56,"column":null}},"7":{"start":{"line":56,"column":59},"end":{"line":56,"column":null}},"8":{"start":{"line":58,"column":2},"end":{"line":58,"column":null}},"9":{"start":{"line":58,"column":36},"end":{"line":58,"column":null}},"10":{"start":{"line":61,"column":34},"end":{"line":61,"column":null}},"11":{"start":{"line":63,"column":63},"end":{"line":64,"column":6}},"12":{"start":{"line":64,"column":62},"end":{"line":66,"column":2}},"13":{"start":{"line":66,"column":3},"end":{"line":68,"column":null}},"14":{"start":{"line":66,"column":27},"end":{"line":66,"column":41}},"15":{"start":{"line":68,"column":9},"end":{"line":68,"column":null}},"16":{"start":{"line":72,"column":3},"end":{"line":72,"column":null}},"17":{"start":{"line":89,"column":2},"end":{"line":92,"column":null}}},"fnMap":{"0":{"name":"(anonymous_0)","decl":{"start":{"line":16,"column":1},"end":{"line":16,"column":null}},"loc":{"start":{"line":16,"column":1},"end":{"line":16,"column":null}}},"1":{"name":"(anonymous_1)","decl":{"start":{"line":25,"column":8},"end":{"line":25,"column":30}},"loc":{"start":{"line":25,"column":30},"end":{"line":33,"column":null}}},"2":{"name":"(anonymous_2)","decl":{"start":{"line":50,"column":8},"end":{"line":50,"column":40}},"loc":{"start":{"line":50,"column":55},"end":{"line":72,"column":null}}},"3":{"name":"(anonymous_3)","decl":{"start":{"line":85,"column":8},"end":{"line":85,"column":35}},"loc":{"start":{"line":85,"column":35},"end":{"line":92,"column":null}}}},"branchMap":{"0":{"loc":{"start":{"line":29,"column":2},"end":{"line":29,"column":null}},"type":"binary-expr","locations":[{"start":{"line":29,"column":2},"end":{"line":29,"column":null}},{"start":{"line":31,"column":7},"end":{"line":31,"column":null}},{"start":{"line":33,"column":12},"end":{"line":33,"column":null}}]},"1":{"loc":{"start":{"line":58,"column":2},"end":{"line":58,"column":null}},"type":"if","locations":[{"start":{"line":58,"column":2},"end":{"line":58,"column":null}},{"start":{"line":58,"column":2},"end":{"line":58,"column":null}}]},"2":{"loc":{"start":{"line":68,"column":9},"end":{"line":68,"column":50}},"type":"binary-expr","locations":[{"start":{"line":68,"column":9},"end":{"line":68,"column":50}},{"start":{"line":68,"column":50},"end":{"line":68,"column":null}}]},"3":{"loc":{"start":{"line":87,"column":6},"end":{"line":87,"column":18}},"type":"binary-expr","locations":[{"start":{"line":87,"column":6},"end":{"line":87,"column":18}},{"start":{"line":87,"column":18},"end":{"line":87,"column":null}}]},"4":{"loc":{"start":{"line":89,"column":53},"end":{"line":89,"column":null}},"type":"cond-expr","locations":[{"start":{"line":89,"column":53},"end":{"line":89,"column":null}},{"start":{"line":90,"column":8},"end":{"line":92,"column":null}}]},"5":{"loc":{"start":{"line":89,"column":8},"end":{"line":89,"column":31}},"type":"binary-expr","locations":[{"start":{"line":89,"column":8},"end":{"line":89,"column":31}},{"start":{"line":89,"column":42},"end":{"line":89,"column":52}}]},"6":{"loc":{"start":{"line":90,"column":53},"end":{"line":90,"column":null}},"type":"cond-expr","locations":[{"start":{"line":90,"column":53},"end":{"line":90,"column":null}},{"start":{"line":91,"column":8},"end":{"line":92,"column":null}}]},"7":{"loc":{"start":{"line":90,"column":8},"end":{"line":90,"column":31}},"type":"binary-expr","locations":[{"start":{"line":90,"column":8},"end":{"line":90,"column":31}},{"start":{"line":90,"column":42},"end":{"line":90,"column":52}}]},"8":{"loc":{"start":{"line":91,"column":53},"end":{"line":91,"column":null}},"type":"cond-expr","locations":[{"start":{"line":91,"column":53},"end":{"line":91,"column":null}},{"start":{"line":92,"column":14},"end":{"line":92,"column":null}}]},"9":{"loc":{"start":{"line":91,"column":8},"end":{"line":91,"column":31}},"type":"binary-expr","locations":[{"start":{"line":91,"column":8},"end":{"line":91,"column":31}},{"start":{"line":91,"column":42},"end":{"line":91,"column":52}}]}},"s":{"0":6,"1":4245,"2":276,"3":276,"4":276,"5":554,"6":276,"7":416,"8":276,"9":135,"10":141,"11":141,"12":141,"13":141,"14":141,"15":149,"16":141,"17":105},"f":{"0":0,"1":4245,"2":276,"3":105},"b":{"0":[4245,2486,297],"1":[135,141],"2":[149,8],"3":[105,50],"4":[10,95],"5":[105,12],"6":[8,87],"7":[95,10],"8":[8,79],"9":[87,10]}}
,"/home/trevor/dev/projects/javascript/millennium/ts/millennium-date.ts": {"path":"/home/trevor/dev/projects/javascript/millennium/ts/millennium-date.ts","statementMap":{"0":{"start":{"line":7,"column":0},"end":{"line":7,"column":null}},"1":{"start":{"line":8,"column":0},"end":{"line":8,"column":null}},"2":{"start":{"line":9,"column":0},"end":{"line":9,"column":null}},"3":{"start":{"line":10,"column":0},"end":{"line":10,"column":null}},"4":{"start":{"line":11,"column":0},"end":{"line":11,"column":null}},"5":{"start":{"line":12,"column":0},"end":{"line":12,"column":null}},"6":{"start":{"line":31,"column":2},"end":{"line":32,"column":null}},"7":{"start":{"line":38,"column":18},"end":{"line":38,"column":null}},"8":{"start":{"line":40,"column":2},"end":{"line":41,"column":null}},"9":{"start":{"line":47,"column":2},"end":{"line":48,"column":null}},"10":{"start":{"line":54,"column":2},"end":{"line":54,"column":null}},"11":{"start":{"line":60,"column":2},"end":{"line":60,"column":null}},"12":{"start":{"line":66,"column":2},"end":{"line":66,"column":null}},"13":{"start":{"line":72,"column":41},"end":{"line":72,"column":null}},"14":{"start":{"line":73,"column":35},"end":{"line":73,"column":null}},"15":{"start":{"line":76,"column":2},"end":{"line":106,"column":null}},"16":{"start":{"line":80,"column":3},"end":{"line":89,"column":null}},"17":{"start":{"line":82,"column":8},"end":{"line":89,"column":null}},"18":{"start":{"line":97,"column":3},"end":{"line":106,"column":null}},"19":{"start":{"line":99,"column":8},"end":{"line":106,"column":null}},"20":{"start":{"line":112,"column":2},"end":{"line":112,"column":null}},"21":{"start":{"line":118,"column":21},"end":{"line":118,"column":null}},"22":{"start":{"line":119,"column":6},"end":{"line":119,"column":null}},"23":{"start":{"line":120,"column":26},"end":{"line":120,"column":null}},"24":{"start":{"line":122,"column":2},"end":{"line":122,"column":null}},"25":{"start":{"line":128,"column":6},"end":{"line":132,"column":null}},"26":{"start":{"line":134,"column":2},"end":{"line":134,"column":null}},"27":{"start":{"line":140,"column":6},"end":{"line":145,"column":null}},"28":{"start":{"line":148,"column":34},"end":{"line":148,"column":null}},"29":{"start":{"line":151,"column":2},"end":{"line":156,"column":null}},"30":{"start":{"line":164,"column":2},"end":{"line":164,"column":null}},"31":{"start":{"line":170,"column":2},"end":{"line":170,"column":null}},"32":{"start":{"line":176,"column":6},"end":{"line":182,"column":null}},"33":{"start":{"line":184,"column":2},"end":{"line":184,"column":null}},"34":{"start":{"line":190,"column":6},"end":{"line":197,"column":null}},"35":{"start":{"line":199,"column":2},"end":{"line":199,"column":null}},"36":{"start":{"line":205,"column":6},"end":{"line":213,"column":null}},"37":{"start":{"line":215,"column":2},"end":{"line":215,"column":null}},"38":{"start":{"line":221,"column":2},"end":{"line":221,"column":null}},"39":{"start":{"line":227,"column":2},"end":{"line":227,"column":null}},"40":{"start":{"line":233,"column":2},"end":{"line":233,"column":null}},"41":{"start":{"line":239,"column":26},"end":{"line":239,"column":null}},"42":{"start":{"line":240,"column":22},"end":{"line":240,"column":null}},"43":{"start":{"line":241,"column":20},"end":{"line":241,"column":null}},"44":{"start":{"line":242,"column":33},"end":{"line":242,"column":null}},"45":{"start":{"line":243,"column":21},"end":{"line":243,"column":null}},"46":{"start":{"line":244,"column":26},"end":{"line":244,"column":null}},"47":{"start":{"line":245,"column":22},"end":{"line":245,"column":null}},"48":{"start":{"line":246,"column":23},"end":{"line":246,"column":null}},"49":{"start":{"line":247,"column":23},"end":{"line":247,"column":null}},"50":{"start":{"line":248,"column":28},"end":{"line":248,"column":null}},"51":{"start":{"line":249,"column":23},"end":{"line":249,"column":null}},"52":{"start":{"line":251,"column":2},"end":{"line":251,"column":null}},"53":{"start":{"line":251,"column":28},"end":{"line":251,"column":null}},"54":{"start":{"line":252,"column":2},"end":{"line":252,"column":null}},"55":{"start":{"line":252,"column":28},"end":{"line":252,"column":null}},"56":{"start":{"line":253,"column":2},"end":{"line":253,"column":null}},"57":{"start":{"line":253,"column":33},"end":{"line":253,"column":null}},"58":{"start":{"line":255,"column":2},"end":{"line":257,"column":null}},"59":{"start":{"line":23,"column":25},"end":{"line":21,"column":13}}},"fnMap":{"0":{"name":"(anonymous_0)","decl":{"start":{"line":29,"column":1},"end":{"line":29,"column":21}},"loc":{"start":{"line":29,"column":40},"end":{"line":32,"column":null}}},"1":{"name":"(anonymous_1)","decl":{"start":{"line":36,"column":8},"end":{"line":36,"column":23}},"loc":{"start":{"line":36,"column":23},"end":{"line":41,"column":null}}},"2":{"name":"(anonymous_2)","decl":{"start":{"line":45,"column":8},"end":{"line":45,"column":24}},"loc":{"start":{"line":45,"column":36},"end":{"line":48,"column":null}}},"3":{"name":"(anonymous_3)","decl":{"start":{"line":52,"column":8},"end":{"line":52,"column":29}},"loc":{"start":{"line":52,"column":48},"end":{"line":54,"column":null}}},"4":{"name":"(anonymous_4)","decl":{"start":{"line":58,"column":8},"end":{"line":58,"column":38}},"loc":{"start":{"line":58,"column":38},"end":{"line":60,"column":null}}},"5":{"name":"(anonymous_5)","decl":{"start":{"line":64,"column":8},"end":{"line":64,"column":null}},"loc":{"start":{"line":64,"column":8},"end":{"line":66,"column":null}}},"6":{"name":"(anonymous_6)","decl":{"start":{"line":70,"column":8},"end":{"line":70,"column":null}},"loc":{"start":{"line":70,"column":8},"end":{"line":112,"column":null}}},"7":{"name":"(anonymous_7)","decl":{"start":{"line":116,"column":8},"end":{"line":116,"column":null}},"loc":{"start":{"line":116,"column":8},"end":{"line":122,"column":null}}},"8":{"name":"(anonymous_8)","decl":{"start":{"line":126,"column":8},"end":{"line":126,"column":null}},"loc":{"start":{"line":126,"column":8},"end":{"line":134,"column":null}}},"9":{"name":"(anonymous_9)","decl":{"start":{"line":138,"column":8},"end":{"line":138,"column":27}},"loc":{"start":{"line":138,"column":50},"end":{"line":156,"column":null}}},"10":{"name":"(anonymous_10)","decl":{"start":{"line":162,"column":8},"end":{"line":162,"column":null}},"loc":{"start":{"line":162,"column":8},"end":{"line":164,"column":null}}},"11":{"name":"(anonymous_11)","decl":{"start":{"line":168,"column":8},"end":{"line":168,"column":null}},"loc":{"start":{"line":168,"column":8},"end":{"line":170,"column":null}}},"12":{"name":"(anonymous_12)","decl":{"start":{"line":174,"column":8},"end":{"line":174,"column":null}},"loc":{"start":{"line":174,"column":8},"end":{"line":184,"column":null}}},"13":{"name":"(anonymous_13)","decl":{"start":{"line":188,"column":8},"end":{"line":188,"column":null}},"loc":{"start":{"line":188,"column":8},"end":{"line":199,"column":null}}},"14":{"name":"(anonymous_14)","decl":{"start":{"line":203,"column":8},"end":{"line":203,"column":null}},"loc":{"start":{"line":203,"column":8},"end":{"line":215,"column":null}}},"15":{"name":"(anonymous_15)","decl":{"start":{"line":219,"column":8},"end":{"line":219,"column":null}},"loc":{"start":{"line":219,"column":8},"end":{"line":221,"column":null}}},"16":{"name":"(anonymous_16)","decl":{"start":{"line":225,"column":8},"end":{"line":225,"column":null}},"loc":{"start":{"line":225,"column":8},"end":{"line":227,"column":null}}},"17":{"name":"(anonymous_17)","decl":{"start":{"line":231,"column":8},"end":{"line":231,"column":null}},"loc":{"start":{"line":231,"column":8},"end":{"line":233,"column":null}}},"18":{"name":"(anonymous_18)","decl":{"start":{"line":237,"column":8},"end":{"line":237,"column":17}},"loc":{"start":{"line":237,"column":41},"end":{"line":257,"column":null}}}},"branchMap":{"0":{"loc":{"start":{"line":32,"column":50},"end":{"line":32,"column":64}},"type":"cond-expr","locations":[{"start":{"line":32,"column":50},"end":{"line":32,"column":64}},{"start":{"line":32,"column":64},"end":{"line":32,"column":null}}]},"1":{"loc":{"start":{"line":40,"column":74},"end":{"line":40,"column":null}},"type":"cond-expr","locations":[{"start":{"line":40,"column":74},"end":{"line":40,"column":null}},{"start":{"line":40,"column":74},"end":{"line":41,"column":null}}]},"2":{"loc":{"start":{"line":47,"column":75},"end":{"line":47,"column":null}},"type":"cond-expr","locations":[{"start":{"line":47,"column":75},"end":{"line":47,"column":null}},{"start":{"line":47,"column":75},"end":{"line":48,"column":null}}]},"3":{"loc":{"start":{"line":76,"column":2},"end":{"line":106,"column":null}},"type":"if","locations":[{"start":{"line":76,"column":2},"end":{"line":106,"column":null}},{"start":{"line":76,"column":2},"end":{"line":106,"column":null}}]},"4":{"loc":{"start":{"line":82,"column":8},"end":{"line":82,"column":null}},"type":"binary-expr","locations":[{"start":{"line":82,"column":8},"end":{"line":82,"column":null}},{"start":{"line":84,"column":5},"end":{"line":85,"column":null}}]},"5":{"loc":{"start":{"line":99,"column":8},"end":{"line":99,"column":null}},"type":"binary-expr","locations":[{"start":{"line":99,"column":8},"end":{"line":99,"column":null}},{"start":{"line":101,"column":5},"end":{"line":102,"column":null}}]},"6":{"loc":{"start":{"line":138,"column":27},"end":{"line":138,"column":null}},"type":"default-arg","locations":[{"start":{"line":138,"column":27},"end":{"line":138,"column":null}}]},"7":{"loc":{"start":{"line":151,"column":26},"end":{"line":151,"column":null}},"type":"cond-expr","locations":[{"start":{"line":151,"column":26},"end":{"line":151,"column":null}},{"start":{"line":155,"column":29},"end":{"line":156,"column":null}}]},"8":{"loc":{"start":{"line":155,"column":39},"end":{"line":155,"column":null}},"type":"cond-expr","locations":[{"start":{"line":155,"column":39},"end":{"line":155,"column":null}},{"start":{"line":156,"column":15},"end":{"line":156,"column":null}}]},"9":{"loc":{"start":{"line":170,"column":47},"end":{"line":170,"column":54}},"type":"cond-expr","locations":[{"start":{"line":170,"column":47},"end":{"line":170,"column":54}},{"start":{"line":170,"column":54},"end":{"line":170,"column":null}}]},"10":{"loc":{"start":{"line":237,"column":17},"end":{"line":237,"column":null}},"type":"default-arg","locations":[{"start":{"line":237,"column":17},"end":{"line":237,"column":null}}]},"11":{"loc":{"start":{"line":244,"column":63},"end":{"line":244,"column":69}},"type":"cond-expr","locations":[{"start":{"line":244,"column":63},"end":{"line":244,"column":69}},{"start":{"line":244,"column":69},"end":{"line":244,"column":75}}]},"12":{"loc":{"start":{"line":245,"column":37},"end":{"line":245,"column":76}},"type":"cond-expr","locations":[{"start":{"line":245,"column":37},"end":{"line":245,"column":76}},{"start":{"line":245,"column":76},"end":{"line":245,"column":null}}]}},"s":{"0":4,"1":2,"2":2,"3":2,"4":2,"5":2,"6":285,"7":1,"8":1,"9":0,"10":273,"11":11,"12":0,"13":272,"14":272,"15":272,"16":272,"17":1632,"18":0,"19":0,"20":272,"21":136,"22":136,"23":136,"24":136,"25":68,"26":68,"27":36,"28":36,"29":36,"30":2,"31":4,"32":16,"33":16,"34":8,"35":8,"36":4,"37":4,"38":1656,"39":1648,"40":1648,"41":4,"42":4,"43":4,"44":4,"45":4,"46":4,"47":4,"48":4,"49":4,"50":4,"51":4,"52":4,"53":2,"54":4,"55":2,"56":4,"57":4,"58":4,"59":2},"f":{"0":285,"1":1,"2":0,"3":273,"4":11,"5":0,"6":272,"7":136,"8":68,"9":36,"10":2,"11":4,"12":16,"13":8,"14":4,"15":1656,"16":1648,"17":1648,"18":4},"b":{"0":[2,283],"1":[0,1],"2":[0,0],"3":[272,0],"4":[1632,1632],"5":[0,0],"6":[4],"7":[32,4],"8":[2,2],"9":[2,2],"10":[2],"11":[2,2],"12":[2,2]}}
,"/home/trevor/dev/projects/javascript/millennium/ts/millennium-month.ts": {"path":"/home/trevor/dev/projects/javascript/millennium/ts/millennium-month.ts","statementMap":{"0":{"start":{"line":7,"column":0},"end":{"line":7,"column":null}},"1":{"start":{"line":54,"column":2},"end":{"line":59,"column":null}},"2":{"start":{"line":63,"column":59},"end":{"line":66,"column":null}},"3":{"start":{"line":70,"column":55},"end":{"line":73,"column":null}},"4":{"start":{"line":79,"column":2},"end":{"line":81,"column":null}},"5":{"start":{"line":81,"column":3},"end":{"line":81,"column":null}},"6":{"start":{"line":83,"column":9},"end":{"line":83,"column":null}},"7":{"start":{"line":91,"column":2},"end":{"line":91,"column":null}},"8":{"start":{"line":91,"column":25},"end":{"line":91,"column":null}},"9":{"start":{"line":92,"column":7},"end":{"line":93,"column":null}},"10":{"start":{"line":99,"column":2},"end":{"line":100,"column":null}},"11":{"start":{"line":106,"column":25},"end":{"line":106,"column":null}},"12":{"start":{"line":107,"column":28},"end":{"line":107,"column":null}},"13":{"start":{"line":109,"column":2},"end":{"line":123,"column":null}},"14":{"start":{"line":111,"column":3},"end":{"line":114,"column":null}},"15":{"start":{"line":113,"column":4},"end":{"line":114,"column":null}},"16":{"start":{"line":120,"column":3},"end":{"line":123,"column":null}},"17":{"start":{"line":122,"column":4},"end":{"line":123,"column":null}},"18":{"start":{"line":129,"column":2},"end":{"line":134,"column":null}},"19":{"start":{"line":129,"column":32},"end":{"line":129,"column":35}},"20":{"start":{"line":131,"column":39},"end":{"line":131,"column":null}},"21":{"start":{"line":133,"column":3},"end":{"line":133,"column":null}},"22":{"start":{"line":133,"column":61},"end":{"line":133,"column":null}},"23":{"start":{"line":134,"column":8},"end":{"line":134,"column":null}},"24":{"start":{"line":144,"column":2},"end":{"line":144,"column":null}},"25":{"start":{"line":150,"column":2},"end":{"line":150,"column":null}},"26":{"start":{"line":156,"column":2},"end":{"line":156,"column":null}},"27":{"start":{"line":162,"column":2},"end":{"line":162,"column":null}},"28":{"start":{"line":168,"column":2},"end":{"line":168,"column":null}},"29":{"start":{"line":174,"column":2},"end":{"line":174,"column":null}},"30":{"start":{"line":180,"column":2},"end":{"line":180,"column":null}},"31":{"start":{"line":186,"column":2},"end":{"line":186,"column":null}},"32":{"start":{"line":192,"column":2},"end":{"line":192,"column":null}},"33":{"start":{"line":198,"column":2},"end":{"line":198,"column":null}},"34":{"start":{"line":204,"column":2},"end":{"line":205,"column":null}},"35":{"start":{"line":211,"column":28},"end":{"line":211,"column":null}},"36":{"start":{"line":212,"column":27},"end":{"line":212,"column":null}},"37":{"start":{"line":214,"column":2},"end":{"line":214,"column":null}},"38":{"start":{"line":214,"column":26},"end":{"line":214,"column":null}},"39":{"start":{"line":216,"column":2},"end":{"line":216,"column":null}},"40":{"start":{"line":222,"column":2},"end":{"line":222,"column":null}},"41":{"start":{"line":18,"column":24},"end":{"line":16,"column":13}}},"fnMap":{"0":{"name":"(anonymous_0)","decl":{"start":{"line":52,"column":1},"end":{"line":52,"column":21}},"loc":{"start":{"line":52,"column":61},"end":{"line":59,"column":null}}},"1":{"name":"(anonymous_1)","decl":{"start":{"line":63,"column":9},"end":{"line":63,"column":38}},"loc":{"start":{"line":63,"column":59},"end":{"line":66,"column":null}}},"2":{"name":"(anonymous_2)","decl":{"start":{"line":70,"column":9},"end":{"line":70,"column":36}},"loc":{"start":{"line":70,"column":55},"end":{"line":73,"column":null}}},"3":{"name":"(anonymous_3)","decl":{"start":{"line":77,"column":8},"end":{"line":77,"column":30}},"loc":{"start":{"line":77,"column":30},"end":{"line":83,"column":null}}},"4":{"name":"(anonymous_4)","decl":{"start":{"line":89,"column":8},"end":{"line":89,"column":32}},"loc":{"start":{"line":89,"column":32},"end":{"line":93,"column":null}}},"5":{"name":"(anonymous_5)","decl":{"start":{"line":97,"column":8},"end":{"line":97,"column":43}},"loc":{"start":{"line":97,"column":43},"end":{"line":100,"column":null}}},"6":{"name":"(anonymous_6)","decl":{"start":{"line":104,"column":8},"end":{"line":104,"column":35}},"loc":{"start":{"line":104,"column":48},"end":{"line":134,"column":null}}},"7":{"name":"(anonymous_7)","decl":{"start":{"line":142,"column":8},"end":{"line":142,"column":32}},"loc":{"start":{"line":142,"column":32},"end":{"line":144,"column":null}}},"8":{"name":"(anonymous_8)","decl":{"start":{"line":148,"column":8},"end":{"line":148,"column":null}},"loc":{"start":{"line":148,"column":8},"end":{"line":150,"column":null}}},"9":{"name":"(anonymous_9)","decl":{"start":{"line":154,"column":8},"end":{"line":154,"column":null}},"loc":{"start":{"line":154,"column":8},"end":{"line":156,"column":null}}},"10":{"name":"(anonymous_10)","decl":{"start":{"line":160,"column":8},"end":{"line":160,"column":null}},"loc":{"start":{"line":160,"column":8},"end":{"line":162,"column":null}}},"11":{"name":"(anonymous_11)","decl":{"start":{"line":166,"column":8},"end":{"line":166,"column":25}},"loc":{"start":{"line":166,"column":25},"end":{"line":168,"column":null}}},"12":{"name":"(anonymous_12)","decl":{"start":{"line":172,"column":8},"end":{"line":172,"column":null}},"loc":{"start":{"line":172,"column":8},"end":{"line":174,"column":null}}},"13":{"name":"(anonymous_13)","decl":{"start":{"line":178,"column":8},"end":{"line":178,"column":null}},"loc":{"start":{"line":178,"column":8},"end":{"line":180,"column":null}}},"14":{"name":"(anonymous_14)","decl":{"start":{"line":184,"column":8},"end":{"line":184,"column":null}},"loc":{"start":{"line":184,"column":8},"end":{"line":186,"column":null}}},"15":{"name":"(anonymous_15)","decl":{"start":{"line":190,"column":8},"end":{"line":190,"column":null}},"loc":{"start":{"line":190,"column":8},"end":{"line":192,"column":null}}},"16":{"name":"(anonymous_16)","decl":{"start":{"line":196,"column":8},"end":{"line":196,"column":null}},"loc":{"start":{"line":196,"column":8},"end":{"line":198,"column":null}}},"17":{"name":"(anonymous_17)","decl":{"start":{"line":202,"column":8},"end":{"line":202,"column":23}},"loc":{"start":{"line":202,"column":23},"end":{"line":205,"column":null}}},"18":{"name":"(anonymous_18)","decl":{"start":{"line":209,"column":8},"end":{"line":209,"column":36}},"loc":{"start":{"line":209,"column":36},"end":{"line":216,"column":null}}},"19":{"name":"(anonymous_19)","decl":{"start":{"line":220,"column":8},"end":{"line":220,"column":null}},"loc":{"start":{"line":220,"column":8},"end":{"line":222,"column":null}}}},"branchMap":{"0":{"loc":{"start":{"line":63,"column":59},"end":{"line":65,"column":41}},"type":"binary-expr","locations":[{"start":{"line":63,"column":59},"end":{"line":65,"column":41}},{"start":{"line":65,"column":52},"end":{"line":65,"column":null}}]},"1":{"loc":{"start":{"line":70,"column":55},"end":{"line":72,"column":39}},"type":"binary-expr","locations":[{"start":{"line":70,"column":55},"end":{"line":72,"column":39}},{"start":{"line":72,"column":50},"end":{"line":72,"column":null}}]},"2":{"loc":{"start":{"line":79,"column":2},"end":{"line":81,"column":null}},"type":"if","locations":[{"start":{"line":79,"column":2},"end":{"line":81,"column":null}},{"start":{"line":79,"column":2},"end":{"line":81,"column":null}}]},"3":{"loc":{"start":{"line":91,"column":2},"end":{"line":91,"column":null}},"type":"if","locations":[{"start":{"line":91,"column":2},"end":{"line":91,"column":null}},{"start":{"line":91,"column":2},"end":{"line":91,"column":null}}]},"4":{"loc":{"start":{"line":92,"column":35},"end":{"line":92,"column":null}},"type":"cond-expr","locations":[{"start":{"line":92,"column":35},"end":{"line":92,"column":null}},{"start":{"line":93,"column":14},"end":{"line":93,"column":null}}]},"5":{"loc":{"start":{"line":99,"column":31},"end":{"line":99,"column":null}},"type":"cond-expr","locations":[{"start":{"line":99,"column":31},"end":{"line":99,"column":null}},{"start":{"line":100,"column":14},"end":{"line":100,"column":null}}]},"6":{"loc":{"start":{"line":109,"column":2},"end":{"line":123,"column":null}},"type":"if","locations":[{"start":{"line":109,"column":2},"end":{"line":123,"column":null}},{"start":{"line":109,"column":2},"end":{"line":123,"column":null}}]},"7":{"loc":{"start":{"line":113,"column":66},"end":{"line":113,"column":72}},"type":"cond-expr","locations":[{"start":{"line":113,"column":66},"end":{"line":113,"column":72}},{"start":{"line":113,"column":72},"end":{"line":113,"column":null}}]},"8":{"loc":{"start":{"line":120,"column":71},"end":{"line":120,"column":77}},"type":"cond-expr","locations":[{"start":{"line":120,"column":71},"end":{"line":120,"column":77}},{"start":{"line":120,"column":77},"end":{"line":120,"column":null}}]},"9":{"loc":{"start":{"line":122,"column":66},"end":{"line":122,"column":72}},"type":"cond-expr","locations":[{"start":{"line":122,"column":66},"end":{"line":122,"column":72}},{"start":{"line":122,"column":72},"end":{"line":122,"column":null}}]},"10":{"loc":{"start":{"line":133,"column":3},"end":{"line":133,"column":null}},"type":"if","locations":[{"start":{"line":133,"column":3},"end":{"line":133,"column":null}},{"start":{"line":133,"column":3},"end":{"line":133,"column":null}}]},"11":{"loc":{"start":{"line":204,"column":95},"end":{"line":204,"column":null}},"type":"cond-expr","locations":[{"start":{"line":204,"column":95},"end":{"line":204,"column":null}},{"start":{"line":205,"column":14},"end":{"line":205,"column":null}}]},"12":{"loc":{"start":{"line":204,"column":7},"end":{"line":204,"column":46}},"type":"binary-expr","locations":[{"start":{"line":204,"column":7},"end":{"line":204,"column":46}},{"start":{"line":204,"column":46},"end":{"line":204,"column":95}}]}},"s":{"0":4,"1":24,"2":24,"3":24,"4":0,"5":0,"6":0,"7":0,"8":0,"9":0,"10":1093,"11":136,"12":136,"13":136,"14":0,"15":0,"16":136,"17":0,"18":136,"19":136,"20":612,"21":612,"22":136,"23":476,"24":0,"25":0,"26":0,"27":0,"28":0,"29":0,"30":0,"31":0,"32":136,"33":4,"34":1569,"35":136,"36":136,"37":136,"38":481,"39":136,"40":0,"41":2},"f":{"0":24,"1":24,"2":24,"3":0,"4":0,"5":1093,"6":136,"7":0,"8":0,"9":0,"10":0,"11":0,"12":0,"13":0,"14":0,"15":136,"16":4,"17":1569,"18":136,"19":0},"b":{"0":[24,2],"1":[24,2],"2":[0,0],"3":[0,0],"4":[0,0],"5":[1093,0],"6":[0,136],"7":[0,0],"8":[0,136],"9":[0,0],"10":[136,476],"11":[0,1569],"12":[1569,205]}}
,"/home/trevor/dev/projects/javascript/millennium/ts/millennium-time-unit.ts": {"path":"/home/trevor/dev/projects/javascript/millennium/ts/millennium-time-unit.ts","statementMap":{"0":{"start":{"line":14,"column":0},"end":{"line":14,"column":13}},"1":{"start":{"line":48,"column":2},"end":{"line":50,"column":null}},"2":{"start":{"line":56,"column":2},"end":{"line":56,"column":null}},"3":{"start":{"line":62,"column":2},"end":{"line":62,"column":null}},"4":{"start":{"line":68,"column":2},"end":{"line":68,"column":null}},"5":{"start":{"line":18,"column":24},"end":{"line":14,"column":13}}},"fnMap":{"0":{"name":"(anonymous_0)","decl":{"start":{"line":46,"column":1},"end":{"line":46,"column":21}},"loc":{"start":{"line":46,"column":63},"end":{"line":50,"column":null}}},"1":{"name":"(anonymous_1)","decl":{"start":{"line":54,"column":8},"end":{"line":54,"column":null}},"loc":{"start":{"line":54,"column":8},"end":{"line":56,"column":null}}},"2":{"name":"(anonymous_2)","decl":{"start":{"line":60,"column":8},"end":{"line":60,"column":null}},"loc":{"start":{"line":60,"column":8},"end":{"line":62,"column":null}}},"3":{"name":"(anonymous_3)","decl":{"start":{"line":66,"column":8},"end":{"line":66,"column":null}},"loc":{"start":{"line":66,"column":8},"end":{"line":68,"column":null}}}},"branchMap":{},"s":{"0":2,"1":22,"2":0,"3":0,"4":5983,"5":2},"f":{"0":22,"1":0,"2":0,"3":5983},"b":{}}
,"/home/trevor/dev/projects/javascript/millennium/ts/millennium-timespan.ts": {"path":"/home/trevor/dev/projects/javascript/millennium/ts/millennium-timespan.ts","statementMap":{"0":{"start":{"line":7,"column":0},"end":{"line":7,"column":null}},"1":{"start":{"line":8,"column":0},"end":{"line":8,"column":null}},"2":{"start":{"line":23,"column":2},"end":{"line":23,"column":null}},"3":{"start":{"line":29,"column":23},"end":{"line":29,"column":null}},"4":{"start":{"line":30,"column":23},"end":{"line":30,"column":null}},"5":{"start":{"line":32,"column":2},"end":{"line":32,"column":null}},"6":{"start":{"line":38,"column":2},"end":{"line":38,"column":null}},"7":{"start":{"line":44,"column":2},"end":{"line":44,"column":null}},"8":{"start":{"line":50,"column":2},"end":{"line":50,"column":null}},"9":{"start":{"line":56,"column":2},"end":{"line":56,"column":null}},"10":{"start":{"line":62,"column":2},"end":{"line":62,"column":null}},"11":{"start":{"line":68,"column":2},"end":{"line":68,"column":null}},"12":{"start":{"line":74,"column":2},"end":{"line":74,"column":null}},"13":{"start":{"line":80,"column":2},"end":{"line":80,"column":null}},"14":{"start":{"line":86,"column":2},"end":{"line":86,"column":null}},"15":{"start":{"line":92,"column":2},"end":{"line":92,"column":null}},"16":{"start":{"line":98,"column":42},"end":{"line":98,"column":null}},"17":{"start":{"line":100,"column":2},"end":{"line":111,"column":null}},"18":{"start":{"line":102,"column":30},"end":{"line":102,"column":null}},"19":{"start":{"line":104,"column":3},"end":{"line":106,"column":null}},"20":{"start":{"line":104,"column":28},"end":{"line":104,"column":31}},"21":{"start":{"line":106,"column":8},"end":{"line":106,"column":null}},"22":{"start":{"line":110,"column":3},"end":{"line":111,"column":null}},"23":{"start":{"line":115,"column":30},"end":{"line":115,"column":null}},"24":{"start":{"line":116,"column":30},"end":{"line":116,"column":null}},"25":{"start":{"line":118,"column":2},"end":{"line":137,"column":null}},"26":{"start":{"line":120,"column":28},"end":{"line":120,"column":null}},"27":{"start":{"line":122,"column":24},"end":{"line":122,"column":null}},"28":{"start":{"line":122,"column":56},"end":{"line":137,"column":null}},"29":{"start":{"line":141,"column":28},"end":{"line":141,"column":null}},"30":{"start":{"line":143,"column":2},"end":{"line":148,"column":null}},"31":{"start":{"line":143,"column":27},"end":{"line":143,"column":30}},"32":{"start":{"line":145,"column":3},"end":{"line":148,"column":null}},"33":{"start":{"line":152,"column":2},"end":{"line":152,"column":null}},"34":{"start":{"line":17,"column":0},"end":{"line":17,"column":13}}},"fnMap":{"0":{"name":"(anonymous_0)","decl":{"start":{"line":21,"column":1},"end":{"line":21,"column":20}},"loc":{"start":{"line":21,"column":20},"end":{"line":23,"column":null}}},"1":{"name":"(anonymous_1)","decl":{"start":{"line":27,"column":8},"end":{"line":27,"column":23}},"loc":{"start":{"line":27,"column":46},"end":{"line":32,"column":null}}},"2":{"name":"(anonymous_2)","decl":{"start":{"line":36,"column":8},"end":{"line":36,"column":21}},"loc":{"start":{"line":36,"column":21},"end":{"line":38,"column":null}}},"3":{"name":"(anonymous_3)","decl":{"start":{"line":42,"column":8},"end":{"line":42,"column":21}},"loc":{"start":{"line":42,"column":21},"end":{"line":44,"column":null}}},"4":{"name":"(anonymous_4)","decl":{"start":{"line":48,"column":8},"end":{"line":48,"column":null}},"loc":{"start":{"line":48,"column":8},"end":{"line":50,"column":null}}},"5":{"name":"(anonymous_5)","decl":{"start":{"line":54,"column":8},"end":{"line":54,"column":null}},"loc":{"start":{"line":54,"column":8},"end":{"line":56,"column":null}}},"6":{"name":"(anonymous_6)","decl":{"start":{"line":60,"column":8},"end":{"line":60,"column":null}},"loc":{"start":{"line":60,"column":8},"end":{"line":62,"column":null}}},"7":{"name":"(anonymous_7)","decl":{"start":{"line":66,"column":8},"end":{"line":66,"column":null}},"loc":{"start":{"line":66,"column":8},"end":{"line":68,"column":null}}},"8":{"name":"(anonymous_8)","decl":{"start":{"line":72,"column":8},"end":{"line":72,"column":null}},"loc":{"start":{"line":72,"column":8},"end":{"line":74,"column":null}}},"9":{"name":"(anonymous_9)","decl":{"start":{"line":78,"column":8},"end":{"line":78,"column":null}},"loc":{"start":{"line":78,"column":8},"end":{"line":80,"column":null}}},"10":{"name":"(anonymous_10)","decl":{"start":{"line":84,"column":8},"end":{"line":84,"column":null}},"loc":{"start":{"line":84,"column":8},"end":{"line":86,"column":null}}},"11":{"name":"(anonymous_11)","decl":{"start":{"line":90,"column":8},"end":{"line":90,"column":null}},"loc":{"start":{"line":90,"column":8},"end":{"line":92,"column":null}}},"12":{"name":"(anonymous_12)","decl":{"start":{"line":96,"column":8},"end":{"line":96,"column":26}},"loc":{"start":{"line":96,"column":55},"end":{"line":152,"column":null}}}},"branchMap":{"0":{"loc":{"start":{"line":106,"column":8},"end":{"line":106,"column":80}},"type":"binary-expr","locations":[{"start":{"line":106,"column":8},"end":{"line":106,"column":80}},{"start":{"line":106,"column":80},"end":{"line":106,"column":null}}]},"1":{"loc":{"start":{"line":124,"column":19},"end":{"line":124,"column":37}},"type":"binary-expr","locations":[{"start":{"line":124,"column":19},"end":{"line":124,"column":37}},{"start":{"line":124,"column":38},"end":{"line":124,"column":59}},{"start":{"line":124,"column":27},"end":{"line":124,"column":60}},{"start":{"line":126,"column":4},"end":{"line":133,"column":null}}]},"2":{"loc":{"start":{"line":130,"column":36},"end":{"line":130,"column":null}},"type":"cond-expr","locations":[{"start":{"line":130,"column":36},"end":{"line":130,"column":null}},{"start":{"line":131,"column":23},"end":{"line":131,"column":null}}]},"3":{"loc":{"start":{"line":137,"column":22},"end":{"line":137,"column":25}},"type":"binary-expr","locations":[{"start":{"line":137,"column":22},"end":{"line":137,"column":25}},{"start":{"line":137,"column":26},"end":{"line":137,"column":null}}]},"4":{"loc":{"start":{"line":147,"column":39},"end":{"line":147,"column":null}},"type":"cond-expr","locations":[{"start":{"line":147,"column":39},"end":{"line":147,"column":null}},{"start":{"line":148,"column":12},"end":{"line":148,"column":null}}]},"5":{"loc":{"start":{"line":148,"column":12},"end":{"line":148,"column":44}},"type":"binary-expr","locations":[{"start":{"line":148,"column":12},"end":{"line":148,"column":44}},{"start":{"line":148,"column":44},"end":{"line":148,"column":null}}]}},"s":{"0":4,"1":2,"2":276,"3":276,"4":276,"5":276,"6":0,"7":0,"8":4,"9":8,"10":16,"11":36,"12":212,"13":0,"14":0,"15":0,"16":0,"17":0,"18":0,"19":0,"20":0,"21":0,"22":0,"23":0,"24":0,"25":0,"26":0,"27":0,"28":0,"29":0,"30":0,"31":0,"32":0,"33":0,"34":2},"f":{"0":276,"1":276,"2":0,"3":0,"4":4,"5":8,"6":16,"7":36,"8":212,"9":0,"10":0,"11":0,"12":0},"b":{"0":[0,0],"1":[0,0,0,0],"2":[0,0],"3":[0,0],"4":[0,0],"5":[0,0]}}
,"/home/trevor/dev/projects/javascript/millennium/ts/millennium-week-day.ts": {"path":"/home/trevor/dev/projects/javascript/millennium/ts/millennium-week-day.ts","statementMap":{"0":{"start":{"line":7,"column":0},"end":{"line":7,"column":null}},"1":{"start":{"line":8,"column":0},"end":{"line":8,"column":null}},"2":{"start":{"line":33,"column":2},"end":{"line":35,"column":null}},"3":{"start":{"line":39,"column":29},"end":{"line":43,"column":null}},"4":{"start":{"line":49,"column":2},"end":{"line":51,"column":null}},"5":{"start":{"line":51,"column":3},"end":{"line":51,"column":null}},"6":{"start":{"line":51,"column":59},"end":{"line":51,"column":null}},"7":{"start":{"line":55,"column":2},"end":{"line":69,"column":null}},"8":{"start":{"line":56,"column":2},"end":{"line":69,"column":null}},"9":{"start":{"line":58,"column":3},"end":{"line":69,"column":null}},"10":{"start":{"line":60,"column":33},"end":{"line":60,"column":null}},"11":{"start":{"line":61,"column":32},"end":{"line":61,"column":null}},"12":{"start":{"line":63,"column":4},"end":{"line":65,"column":null}},"13":{"start":{"line":63,"column":30},"end":{"line":63,"column":33}},"14":{"start":{"line":65,"column":5},"end":{"line":65,"column":null}},"15":{"start":{"line":65,"column":55},"end":{"line":65,"column":null}},"16":{"start":{"line":69,"column":4},"end":{"line":69,"column":null}},"17":{"start":{"line":81,"column":26},"end":{"line":81,"column":null}},"18":{"start":{"line":82,"column":28},"end":{"line":82,"column":null}},"19":{"start":{"line":83,"column":6},"end":{"line":83,"column":null}},"20":{"start":{"line":85,"column":2},"end":{"line":85,"column":null}},"21":{"start":{"line":92,"column":28},"end":{"line":92,"column":null}},"22":{"start":{"line":97,"column":2},"end":{"line":95,"column":null}},"23":{"start":{"line":103,"column":2},"end":{"line":103,"column":null}},"24":{"start":{"line":19,"column":24},"end":{"line":17,"column":13}}},"fnMap":{"0":{"name":"(anonymous_0)","decl":{"start":{"line":31,"column":1},"end":{"line":31,"column":21}},"loc":{"start":{"line":31,"column":21},"end":{"line":35,"column":null}}},"1":{"name":"(anonymous_1)","decl":{"start":{"line":39,"column":9},"end":{"line":39,"column":29}},"loc":{"start":{"line":39,"column":29},"end":{"line":43,"column":null}}},"2":{"name":"(anonymous_2)","decl":{"start":{"line":47,"column":8},"end":{"line":47,"column":26}},"loc":{"start":{"line":47,"column":26},"end":{"line":69,"column":null}}},"3":{"name":"(anonymous_3)","decl":{"start":{"line":79,"column":8},"end":{"line":79,"column":27}},"loc":{"start":{"line":79,"column":94},"end":{"line":85,"column":null}}},"4":{"name":"(anonymous_4)","decl":{"start":{"line":89,"column":8},"end":{"line":89,"column":26}},"loc":{"start":{"line":89,"column":26},"end":{"line":95,"column":null}}},"5":{"name":"(anonymous_5)","decl":{"start":{"line":101,"column":8},"end":{"line":101,"column":null}},"loc":{"start":{"line":101,"column":8},"end":{"line":103,"column":null}}}},"branchMap":{"0":{"loc":{"start":{"line":39,"column":29},"end":{"line":41,"column":41}},"type":"binary-expr","locations":[{"start":{"line":39,"column":29},"end":{"line":41,"column":41}},{"start":{"line":41,"column":52},"end":{"line":41,"column":null}}]},"1":{"loc":{"start":{"line":51,"column":3},"end":{"line":51,"column":null}},"type":"if","locations":[{"start":{"line":51,"column":3},"end":{"line":51,"column":null}},{"start":{"line":51,"column":3},"end":{"line":51,"column":null}}]},"2":{"loc":{"start":{"line":58,"column":3},"end":{"line":69,"column":null}},"type":"if","locations":[{"start":{"line":58,"column":3},"end":{"line":69,"column":null}},{"start":{"line":58,"column":3},"end":{"line":69,"column":null}}]},"3":{"loc":{"start":{"line":65,"column":5},"end":{"line":65,"column":null}},"type":"if","locations":[{"start":{"line":65,"column":5},"end":{"line":65,"column":null}},{"start":{"line":65,"column":5},"end":{"line":65,"column":null}}]},"4":{"loc":{"start":{"line":79,"column":76},"end":{"line":79,"column":null}},"type":"default-arg","locations":[{"start":{"line":79,"column":76},"end":{"line":79,"column":null}}]}},"s":{"0":4,"1":2,"2":14,"3":14,"4":21,"5":84,"6":21,"7":0,"8":0,"9":0,"10":0,"11":0,"12":0,"13":0,"14":0,"15":0,"16":0,"17":232,"18":232,"19":232,"20":232,"21":8,"22":8,"23":88,"24":2},"f":{"0":14,"1":14,"2":21,"3":232,"4":8,"5":88},"b":{"0":[14,2],"1":[21,63],"2":[0,0],"3":[0,0],"4":[28]}}
}
