TN:
SF:/home/trevor/dev/projects/javascript/millennium/ts/millennium-date-builder.ts
FN:22,(anonymous_0)
FN:39,(anonymous_1)
FN:47,(anonymous_2)
FN:55,(anonymous_3)
FN:65,(anonymous_4)
FN:73,(anonymous_5)
FN:81,(anonymous_6)
FN:89,(anonymous_7)
FN:97,(anonymous_8)
FN:105,(anonymous_9)
FN:113,(anonymous_10)
FNF:11
FNH:9
FNDA:273,(anonymous_0)
FNDA:273,(anonymous_1)
FNDA:136,(anonymous_2)
FNDA:68,(anonymous_3)
FNDA:0,(anonymous_4)
FNDA:30,(anonymous_5)
FNDA:14,(anonymous_6)
FNDA:5,(anonymous_7)
FNDA:1,(anonymous_8)
FNDA:0,(anonymous_9)
FNDA:273,(anonymous_10)
DA:7,4
DA:8,2
DA:9,2
DA:10,2
DA:20,2
DA:24,273
DA:43,273
DA:51,136
DA:57,68
DA:61,68
DA:69,0
DA:77,30
DA:85,14
DA:93,5
DA:101,1
DA:109,0
DA:115,273
DA:117,273
DA:119,273
DA:122,273
DA:126,273
DA:128,136
DA:129,136
DA:132,136
DA:172,273
LF:25
LH:23
BRDA:57,0,0,0
BRDA:57,0,1,68
BRDA:58,1,0,68
BRDA:58,1,1,0
BRDA:59,2,0,0
BRDA:59,2,1,0
BRDA:117,3,0,273
BRDA:117,3,1,0
BRDA:126,4,0,136
BRDA:126,4,1,137
BRDA:129,5,0,136
BRDA:129,5,1,0
BRDA:136,6,0,273
BRDA:136,6,1,68
BRDA:142,7,0,273
BRDA:142,7,1,30
BRDA:148,8,0,273
BRDA:148,8,1,14
BRDA:154,9,0,273
BRDA:154,9,1,5
BRDA:160,10,0,273
BRDA:160,10,1,1
BRDA:166,11,0,273
BRDA:166,11,1,0
BRDA:172,12,0,0
BRDA:172,12,1,273
BRF:26
BRH:18
end_of_record
TN:
SF:/home/trevor/dev/projects/javascript/millennium/ts/millennium-date-math.ts
FN:16,(anonymous_0)
FN:25,(anonymous_1)
FN:50,(anonymous_2)
FN:85,(anonymous_3)
FNF:4
FNH:3
FNDA:0,(anonymous_0)
FNDA:4245,(anonymous_1)
FNDA:276,(anonymous_2)
FNDA:105,(anonymous_3)
DA:14,6
DA:29,4245
DA:52,276
DA:53,276
DA:55,554
DA:56,416
DA:58,276
DA:61,141
DA:63,141
DA:64,141
DA:66,141
DA:68,149
DA:72,141
DA:89,105
LF:14
LH:14
BRDA:29,0,0,4245
BRDA:29,0,1,2486
BRDA:29,0,2,297
BRDA:58,1,0,135
BRDA:58,1,1,141
BRDA:68,2,0,149
BRDA:68,2,1,8
BRDA:87,3,0,105
BRDA:87,3,1,50
BRDA:89,4,0,10
BRDA:89,4,1,95
BRDA:89,5,0,105
BRDA:89,5,1,12
BRDA:90,6,0,8
BRDA:90,6,1,87
BRDA:90,7,0,95
BRDA:90,7,1,10
BRDA:91,8,0,8
BRDA:91,8,1,79
BRDA:91,9,0,87
BRDA:91,9,1,10
BRF:21
BRH:21
end_of_record
TN:
SF:/home/trevor/dev/projects/javascript/millennium/ts/millennium-date.ts
FN:29,(anonymous_0)
FN:36,(anonymous_1)
FN:45,(anonymous_2)
FN:52,(anonymous_3)
FN:58,(anonymous_4)
FN:64,(anonymous_5)
FN:70,(anonymous_6)
FN:116,(anonymous_7)
FN:126,(anonymous_8)
FN:138,(anonymous_9)
FN:162,(anonymous_10)
FN:168,(anonymous_11)
FN:174,(anonymous_12)
FN:188,(anonymous_13)
FN:203,(anonymous_14)
FN:219,(anonymous_15)
FN:225,(anonymous_16)
FN:231,(anonymous_17)
FN:237,(anonymous_18)
FNF:19
FNH:17
FNDA:285,(anonymous_0)
FNDA:1,(anonymous_1)
FNDA:0,(anonymous_2)
FNDA:273,(anonymous_3)
FNDA:11,(anonymous_4)
FNDA:0,(anonymous_5)
FNDA:272,(anonymous_6)
FNDA:136,(anonymous_7)
FNDA:68,(anonymous_8)
FNDA:36,(anonymous_9)
FNDA:2,(anonymous_10)
FNDA:4,(anonymous_11)
FNDA:16,(anonymous_12)
FNDA:8,(anonymous_13)
FNDA:4,(anonymous_14)
FNDA:1656,(anonymous_15)
FNDA:1648,(anonymous_16)
FNDA:1648,(anonymous_17)
FNDA:4,(anonymous_18)
DA:7,4
DA:8,2
DA:9,2
DA:10,2
DA:11,2
DA:12,2
DA:23,2
DA:31,285
DA:38,1
DA:40,1
DA:47,0
DA:54,273
DA:60,11
DA:66,0
DA:72,272
DA:73,272
DA:76,272
DA:80,272
DA:82,1632
DA:97,0
DA:99,0
DA:112,272
DA:118,136
DA:119,136
DA:120,136
DA:122,136
DA:128,68
DA:134,68
DA:140,36
DA:148,36
DA:151,36
DA:164,2
DA:170,4
DA:176,16
DA:184,16
DA:190,8
DA:199,8
DA:205,4
DA:215,4
DA:221,1656
DA:227,1648
DA:233,1648
DA:239,4
DA:240,4
DA:241,4
DA:242,4
DA:243,4
DA:244,4
DA:245,4
DA:246,4
DA:247,4
DA:248,4
DA:249,4
DA:251,4
DA:252,4
DA:253,4
DA:255,4
LF:57
LH:53
BRDA:32,0,0,2
BRDA:32,0,1,283
BRDA:40,1,0,0
BRDA:40,1,1,1
BRDA:47,2,0,0
BRDA:47,2,1,0
BRDA:76,3,0,272
BRDA:76,3,1,0
BRDA:82,4,0,1632
BRDA:82,4,1,1632
BRDA:99,5,0,0
BRDA:99,5,1,0
BRDA:138,6,0,4
BRDA:151,7,0,32
BRDA:151,7,1,4
BRDA:155,8,0,2
BRDA:155,8,1,2
BRDA:170,9,0,2
BRDA:170,9,1,2
BRDA:237,10,0,2
BRDA:244,11,0,2
BRDA:244,11,1,2
BRDA:245,12,0,2
BRDA:245,12,1,2
BRF:24
BRH:18
end_of_record
TN:
SF:/home/trevor/dev/projects/javascript/millennium/ts/millennium-month.ts
FN:52,(anonymous_0)
FN:63,(anonymous_1)
FN:70,(anonymous_2)
FN:77,(anonymous_3)
FN:89,(anonymous_4)
FN:97,(anonymous_5)
FN:104,(anonymous_6)
FN:142,(anonymous_7)
FN:148,(anonymous_8)
FN:154,(anonymous_9)
FN:160,(anonymous_10)
FN:166,(anonymous_11)
FN:172,(anonymous_12)
FN:178,(anonymous_13)
FN:184,(anonymous_14)
FN:190,(anonymous_15)
FN:196,(anonymous_16)
FN:202,(anonymous_17)
FN:209,(anonymous_18)
FN:220,(anonymous_19)
FNF:20
FNH:9
FNDA:24,(anonymous_0)
FNDA:24,(anonymous_1)
FNDA:24,(anonymous_2)
FNDA:0,(anonymous_3)
FNDA:0,(anonymous_4)
FNDA:1093,(anonymous_5)
FNDA:136,(anonymous_6)
FNDA:0,(anonymous_7)
FNDA:0,(anonymous_8)
FNDA:0,(anonymous_9)
FNDA:0,(anonymous_10)
FNDA:0,(anonymous_11)
FNDA:0,(anonymous_12)
FNDA:0,(anonymous_13)
FNDA:0,(anonymous_14)
FNDA:136,(anonymous_15)
FNDA:4,(anonymous_16)
FNDA:1569,(anonymous_17)
FNDA:136,(anonymous_18)
FNDA:0,(anonymous_19)
DA:7,4
DA:18,2
DA:54,24
DA:63,24
DA:70,24
DA:79,0
DA:81,0
DA:83,0
DA:91,0
DA:92,0
DA:99,1093
DA:106,136
DA:107,136
DA:109,136
DA:111,0
DA:113,0
DA:120,136
DA:122,0
DA:129,136
DA:131,612
DA:133,612
DA:134,476
DA:144,0
DA:150,0
DA:156,0
DA:162,0
DA:168,0
DA:174,0
DA:180,0
DA:186,0
DA:192,136
DA:198,4
DA:204,1569
DA:211,136
DA:212,136
DA:214,481
DA:216,136
DA:222,0
LF:38
LH:21
BRDA:63,0,0,24
BRDA:63,0,1,2
BRDA:70,1,0,24
BRDA:70,1,1,2
BRDA:79,2,0,0
BRDA:79,2,1,0
BRDA:91,3,0,0
BRDA:91,3,1,0
BRDA:92,4,0,0
BRDA:92,4,1,0
BRDA:99,5,0,1093
BRDA:99,5,1,0
BRDA:109,6,0,0
BRDA:109,6,1,136
BRDA:113,7,0,0
BRDA:113,7,1,0
BRDA:120,8,0,0
BRDA:120,8,1,136
BRDA:122,9,0,0
BRDA:122,9,1,0
BRDA:133,10,0,136
BRDA:133,10,1,476
BRDA:204,11,0,0
BRDA:204,11,1,1569
BRDA:204,12,0,1569
BRDA:204,12,1,205
BRF:26
BRH:12
end_of_record
TN:
SF:/home/trevor/dev/projects/javascript/millennium/ts/millennium-time-unit.ts
FN:46,(anonymous_0)
FN:54,(anonymous_1)
FN:60,(anonymous_2)
FN:66,(anonymous_3)
FNF:4
FNH:2
FNDA:22,(anonymous_0)
FNDA:0,(anonymous_1)
FNDA:0,(anonymous_2)
FNDA:5983,(anonymous_3)
DA:14,2
DA:18,2
DA:48,22
DA:56,0
DA:62,0
DA:68,5983
LF:6
LH:4
BRF:0
BRH:0
end_of_record
TN:
SF:/home/trevor/dev/projects/javascript/millennium/ts/millennium-timespan.ts
FN:21,(anonymous_0)
FN:27,(anonymous_1)
FN:36,(anonymous_2)
FN:42,(anonymous_3)
FN:48,(anonymous_4)
FN:54,(anonymous_5)
FN:60,(anonymous_6)
FN:66,(anonymous_7)
FN:72,(anonymous_8)
FN:78,(anonymous_9)
FN:84,(anonymous_10)
FN:90,(anonymous_11)
FN:96,(anonymous_12)
FNF:13
FNH:7
FNDA:276,(anonymous_0)
FNDA:276,(anonymous_1)
FNDA:0,(anonymous_2)
FNDA:0,(anonymous_3)
FNDA:4,(anonymous_4)
FNDA:8,(anonymous_5)
FNDA:16,(anonymous_6)
FNDA:36,(anonymous_7)
FNDA:212,(anonymous_8)
FNDA:0,(anonymous_9)
FNDA:0,(anonymous_10)
FNDA:0,(anonymous_11)
FNDA:0,(anonymous_12)
DA:7,4
DA:8,2
DA:17,2
DA:23,276
DA:29,276
DA:30,276
DA:32,276
DA:38,0
DA:44,0
DA:50,4
DA:56,8
DA:62,16
DA:68,36
DA:74,212
DA:80,0
DA:86,0
DA:92,0
DA:98,0
DA:100,0
DA:102,0
DA:104,0
DA:106,0
DA:110,0
DA:115,0
DA:116,0
DA:118,0
DA:120,0
DA:122,0
DA:141,0
DA:143,0
DA:145,0
DA:152,0
LF:32
LH:12
BRDA:106,0,0,0
BRDA:106,0,1,0
BRDA:124,1,0,0
BRDA:124,1,1,0
BRDA:124,1,2,0
BRDA:124,1,3,0
BRDA:130,2,0,0
BRDA:130,2,1,0
BRDA:137,3,0,0
BRDA:137,3,1,0
BRDA:147,4,0,0
BRDA:147,4,1,0
BRDA:148,5,0,0
BRDA:148,5,1,0
BRF:14
BRH:0
end_of_record
TN:
SF:/home/trevor/dev/projects/javascript/millennium/ts/millennium-week-day.ts
FN:31,(anonymous_0)
FN:39,(anonymous_1)
FN:47,(anonymous_2)
FN:79,(anonymous_3)
FN:89,(anonymous_4)
FN:101,(anonymous_5)
FNF:6
FNH:6
FNDA:14,(anonymous_0)
FNDA:14,(anonymous_1)
FNDA:21,(anonymous_2)
FNDA:232,(anonymous_3)
FNDA:8,(anonymous_4)
FNDA:88,(anonymous_5)
DA:7,4
DA:8,2
DA:19,2
DA:33,14
DA:39,14
DA:49,21
DA:51,84
DA:55,0
DA:56,0
DA:58,0
DA:60,0
DA:61,0
DA:63,0
DA:65,0
DA:69,0
DA:81,232
DA:82,232
DA:83,232
DA:85,232
DA:92,8
DA:97,8
DA:103,88
LF:22
LH:14
BRDA:39,0,0,14
BRDA:39,0,1,2
BRDA:51,1,0,21
BRDA:51,1,1,63
BRDA:58,2,0,0
BRDA:58,2,1,0
BRDA:65,3,0,0
BRDA:65,3,1,0
BRDA:79,4,0,28
BRF:9
BRH:5
end_of_record
